fullApp/build/outputs/logs/manifest-merger-debug-report.txt
-- Merging decision tree log ---
manifest
ADDED from src/main/AndroidManifest.xml:16:1-69:12
	package
		ADDED from src/main/AndroidManifest.xml:17:5-42
	android:versionName
		ADDED from src/main/AndroidManifest.xml:19:5-28
		INJECTED from src/main/AndroidManifest.xml
		INJECTED from src/main/AndroidManifest.xml
	android:versionCode
		ADDED from src/main/AndroidManifest.xml:18:5-28
	xmlns:android
		ADDED from src/main/AndroidManifest.xml:16:11-69
uses-sdk
ADDED from src/main/AndroidManifest.xml:21:5-23:41
MERGED from [RobotLifeAlert3:tango_support_java_lib:unspecified] AndroidManifest.xml:4:5-74
MERGED from [RobotLifeAlert3:tango_ux_support_library:unspecified] AndroidManifest.xml:22:5-24:41
MERGED from [org.rajawali3d:rajawali:1.0.325] AndroidManifest.xml:8:5-10:41
MERGED from [RobotLifeAlert3:common:unspecified] AndroidManifest.xml:22:5-24:41
MERGED from [com.android.support:appcompat-v7:25.1.0] AndroidManifest.xml:21:5-23:78
MERGED from [com.android.support:support-v4:25.1.0] AndroidManifest.xml:21:5-23:54
MERGED from [com.android.support:support-fragment:25.1.0] AndroidManifest.xml:21:5-23:60
MERGED from [com.android.support:support-media-compat:25.1.0] AndroidManifest.xml:21:5-23:63
MERGED from [com.android.support:support-core-ui:25.1.0] AndroidManifest.xml:21:5-23:58
MERGED from [com.android.support:support-core-utils:25.1.0] AndroidManifest.xml:21:5-23:61
MERGED from [com.android.support:animated-vector-drawable:25.1.0] AndroidManifest.xml:20:5-44
MERGED from [com.android.support:support-vector-drawable:25.1.0] AndroidManifest.xml:21:5-43
MERGED from [com.android.support:support-compat:25.1.0] AndroidManifest.xml:21:5-23:58
	tools:overrideLibrary
		ADDED from [com.android.support:appcompat-v7:25.1.0] AndroidManifest.xml:23:9-75
	android:targetSdkVersion
		ADDED from src/main/AndroidManifest.xml:23:9-38
		INJECTED from src/main/AndroidManifest.xml
		INJECTED from src/main/AndroidManifest.xml
	android:minSdkVersion
		ADDED from src/main/AndroidManifest.xml:22:9-35
		INJECTED from src/main/AndroidManifest.xml
		INJECTED from src/main/AndroidManifest.xml
uses-permission#android.permission.CAMERA
ADDED from src/main/AndroidManifest.xml:25:5-65
MERGED from [RobotLifeAlert3:tango_support_java_lib:unspecified] AndroidManifest.xml:9:1-61
MERGED from [RobotLifeAlert3:common:unspecified] AndroidManifest.xml:26:5-65
	android:name
		ADDED from src/main/AndroidManifest.xml:25:22-62
uses-feature#android.hardware.camera
ADDED from src/main/AndroidManifest.xml:27:5-60
MERGED from [RobotLifeAlert3:common:unspecified] AndroidManifest.xml:28:5-60
	android:name
		ADDED from src/main/AndroidManifest.xml:27:19-57
uses-feature#android.hardware.camera.autofocus
ADDED from src/main/AndroidManifest.xml:28:5-70
MERGED from [RobotLifeAlert3:common:unspecified] AndroidManifest.xml:29:5-70
	android:name
		ADDED from src/main/AndroidManifest.xml:28:19-67
uses-permission#android.permission.WRITE_EXTERNAL_STORAGE
ADDED from src/main/AndroidManifest.xml:30:5-81
MERGED from [RobotLifeAlert3:tango_support_java_lib:unspecified] AndroidManifest.xml:7:5-81
MERGED from [RobotLifeAlert3:common:unspecified] AndroidManifest.xml:31:5-81
	android:name
		ADDED from src/main/AndroidManifest.xml:30:22-78
uses-permission#android.hardware.usb.action.USB_DEVICE_ATTACHED
ADDED from src/main/AndroidManifest.xml:31:5-87
MERGED from [RobotLifeAlert3:common:unspecified] AndroidManifest.xml:32:5-87
	android:name
		ADDED from src/main/AndroidManifest.xml:31:22-84
uses-permission#android.permission.INTERNET
ADDED from src/main/AndroidManifest.xml:32:5-67
MERGED from [RobotLifeAlert3:common:unspecified] AndroidManifest.xml:33:5-67
MERGED from [com.github.ytai.ioio:IOIOLibAndroid:5.05] AndroidManifest.xml:7:5-67
	android:name
		ADDED from src/main/AndroidManifest.xml:32:22-64
uses-permission#android.permission.READ_PHONE_STATE
ADDED from src/main/AndroidManifest.xml:34:5-75
MERGED from [RobotLifeAlert3:common:unspecified] AndroidManifest.xml:34:5-75
	android:name
		ADDED from src/main/AndroidManifest.xml:34:22-72
uses-permission#android.permission.READ_EXTERNAL_STORAGE
ADDED from src/main/AndroidManifest.xml:35:5-80
MERGED from [RobotLifeAlert3:tango_support_java_lib:unspecified] AndroidManifest.xml:6:1-76
MERGED from [RobotLifeAlert3:common:unspecified] AndroidManifest.xml:35:5-80
	android:name
		ADDED from src/main/AndroidManifest.xml:35:22-77
application
ADDED from src/main/AndroidManifest.xml:37:5-67:19
MERGED from [RobotLifeAlert3:common:unspecified] AndroidManifest.xml:37:5-54:19
MERGED from [com.android.support:appcompat-v7:25.1.0] AndroidManifest.xml:25:5-20
MERGED from [com.android.support:support-v4:25.1.0] AndroidManifest.xml:25:5-20
MERGED from [com.android.support:support-fragment:25.1.0] AndroidManifest.xml:25:5-20
MERGED from [com.android.support:support-media-compat:25.1.0] AndroidManifest.xml:25:5-20
MERGED from [com.android.support:support-core-ui:25.1.0] AndroidManifest.xml:25:5-20
MERGED from [com.android.support:support-core-utils:25.1.0] AndroidManifest.xml:25:5-20
MERGED from [com.android.support:animated-vector-drawable:25.1.0] AndroidManifest.xml:22:5-20
MERGED from [com.android.support:support-vector-drawable:25.1.0] AndroidManifest.xml:23:5-20
MERGED from [com.android.support:support-compat:25.1.0] AndroidManifest.xml:25:5-20
	android:screenOrientation
		ADDED from src/main/AndroidManifest.xml:42:9-46
	android:label
		ADDED from src/main/AndroidManifest.xml:41:9-41
	android:configChanges
		ADDED from src/main/AndroidManifest.xml:39:9-55
	android:allowBackup
		ADDED from src/main/AndroidManifest.xml:38:9-35
	android:icon
		ADDED from src/main/AndroidManifest.xml:40:9-45
	android:theme
		ADDED from src/main/AndroidManifest.xml:43:9-40
activity#com.robotlifealert3.examples.pointcloud.MainActivity
ADDED from src/main/AndroidManifest.xml:49:9-65:20
	android:screenOrientation
		ADDED from src/main/AndroidManifest.xml:53:13-50
	android:label
		ADDED from src/main/AndroidManifest.xml:52:13-50
	android:configChanges
		ADDED from src/main/AndroidManifest.xml:51:13-74
	android:name
		ADDED from src/main/AndroidManifest.xml:50:13-80
intent-filter#android.intent.category.DEFAULT+com.robotlifealert3.TangoAndTensorFlowActivity
ADDED from src/main/AndroidManifest.xml:55:13-58:29
action#com.robotlifealert3.TangoAndTensorFlowActivity
ADDED from src/main/AndroidManifest.xml:56:17-89
	android:name
		ADDED from src/main/AndroidManifest.xml:56:25-86
category#android.intent.category.DEFAULT
ADDED from src/main/AndroidManifest.xml:57:17-76
	android:name
		ADDED from src/main/AndroidManifest.xml:57:27-73
activity#com.robotlifealert3.common.activities.Dashboard
ADDED from [RobotLifeAlert3:common:unspecified] AndroidManifest.xml:44:9-53:20
	android:screenOrientation
		ADDED from [RobotLifeAlert3:common:unspecified] AndroidManifest.xml:47:13-50
	android:label
		ADDED from [RobotLifeAlert3:common:unspecified] AndroidManifest.xml:46:13-45
	android:name
		ADDED from [RobotLifeAlert3:common:unspecified] AndroidManifest.xml:45:13-75
intent-filter#android.intent.action.MAIN+android.intent.category.LAUNCHER
ADDED from [RobotLifeAlert3:common:unspecified] AndroidManifest.xml:48:13-52:29
action#android.intent.action.MAIN
ADDED from [RobotLifeAlert3:common:unspecified] AndroidManifest.xml:49:17-69
	android:name
		ADDED from [RobotLifeAlert3:common:unspecified] AndroidManifest.xml:49:25-66
category#android.intent.category.LAUNCHER
ADDED from [RobotLifeAlert3:common:unspecified] AndroidManifest.xml:51:17-77
	android:name
		ADDED from [RobotLifeAlert3:common:unspecified] AndroidManifest.xml:51:27-74
uses-permission#android.permission.BLUETOOTH
ADDED from [com.github.ytai.ioio:IOIOLibAndroidBluetooth:5.05] AndroidManifest.xml:7:5-68
	android:name
		ADDED from [com.github.ytai.ioio:IOIOLibAndroidBluetooth:5.05] AndroidManifest.xml:7:22-65
uses-feature#android.hardware.usb.accessory
ADDED from [com.github.ytai.ioio:IOIOLibAndroidAccessory:5.05] AndroidManifest.xml:7:5-9:36
	android:required
		ADDED from [com.github.ytai.ioio:IOIOLibAndroidAccessory:5.05] AndroidManifest.xml:9:9-33
	android:name
		ADDED from [com.github.ytai.ioio:IOIOLibAndroidAccessory:5.05] AndroidManifest.xml:8:9-54
uses-feature#android.hardware.usb.host
ADDED from [com.github.ytai.ioio:IOIOLibAndroidDevice:5.05] AndroidManifest.xml:7:5-9:36
	android:required
		ADDED from [com.github.ytai.ioio:IOIOLibAndroidDevice:5.05] AndroidManifest.xml:9:9-33
	android:name
		ADDED from [com.github.ytai.ioio:IOIOLibAndroidDevice:5.05] AndroidManifest.xml:8:9-49